. . . . . . . . . . . . . . . . 
. . . . . . . . . . . . . . . . 
. . . . . . . . . . . . . . . . 
. . . . . . . . . . . . . . . . 
. . . . . . . . . . . . . . . . 
. . . . . . . . . . . . . . . . 
. . . . . . . . . . . . . . . . 
. . . . . . . . . . . . . . . . 
. . . . . . . . . . . . . . . . 
. . . . . . . . . . . . . . . . 
. . . . . . . . . . . . . . . . 
. . . . . . . . . . . . . . . . 
. . . . . . . . . . . . . . . . 
0 1
. . . . . . . . . . . . . . . . 
. . . + - - - - - - - - + . . . 
. . . | . . . . . . . . | . . . 
. . . | . . + - - - - - + . . . 
. . . | . . | . . . . . . . . . 
. . . | . . | . . . . . . . . . 
. . . | . . | . . . . . . . . . 
. . . | . . | . . . . . . . . . 
. . . | . . | . . . . . . . . . 
. . . | . . + - - - - - + . . . 
. . . | . . . . . . . . | . . . 
C . . + - - - - - - - - + . . . 
. . . . . . . . . . . . . . . . 
1 0
. . . . . . . . . . . . . . . . 
. . . + - - - - - - - - + . . . 
. . . | . . . . . . . . | . . . 
. . . | . . + - - - - - + . . . 
. . . | . . | . . . . . . . . . 
. . . | . . | . . . . . . . . . 
. . . | . . | . . . . . . . . . 
. . . | . . | . . . . . . . . . 
. . . | . . | . . . . . . . . . 
. . . | . . + - - - - - + . . . 
. . . | . . . . . . . . | . . . 
C . . + - - - - - - - - + . . . 
. C . . . . . . . . . . . . . . 
0 2
. . . . . . . . . . . . . . . . 
. . . + - - - - - - - - + . . . 
. . . | . . . . . . . . | . . . 
. . . | . . + - - - - - + . . . 
. . . | . . | . . . . . . . . . 
. . . | . . | . . . . . . . . . 
. . . | . . | . . . . . . . . . 
. . . | . . | . . . . . . . . . 
. . . | . . | . . . . . . . . . 
. . . | . . + - - - - - + . . . 
C . . | . . . . . . . . | . . . 
C . . + - - - - - - - - + . . . 
. C . . . . . . . . . . . . . . 
1 1
. . . . . . . . . . . . . . . . 
. . . + - - - - - - - - + . . . 
. . . | . . . . . . . . | . . . 
. . . | . . + - - - - - + . . . 
. . . | . . | . . . . . . . . . 
. . . | . . | . . . . . . . . . 
. . . | . . | . . . . . . . . . 
. . . | . . | . . . . . . . . . 
. . . | . . | . . . . . . . . . 
. . . | . . + - - - - - + . . . 
C . . | . . . . . . . . | . . . 
C C . + - - - - - - - - + . . . 
. C . . . . . . . . . . . . . . 
0 0
. . . . . . . . . . . . . . . . 
. . . + - - - - - - - - + . . . 
. . . | . . . . . . . . | . . . 
. . . | . . + - - - - - + . . . 
. . . | . . | . . . . . . . . . 
. . . | . . | . . . . . . . . . 
. . . | . . | . . . . . . . . . 
. . . | . . | . . . . . . . . . 
. . . | . . | . . . . . . . . . 
. . . | . . + - - - - - + . . . 
C . . | . . . . . . . . | . . . 
C C . + - - - - - - - - + . . . 
C C . . . . . . . . . . . . . . 
2 0
. . . . . . . . . . . . . . . . 
. . . + - - - - - - - - + . . . 
. . . | . . . . . . . . | . . . 
. . . | . . + - - - - - + . . . 
. . . | . . | . . . . . . . . . 
. . . | . . | . . . . . . . . . 
. . . | . . | . . . . . . . . . 
. . . | . . | . . . . . . . . . 
. . . | . . | . . . . . . . . . 
. . . | . . + - - - - - + . . . 
C . . | . . . . . . . . | . . . 
C C . + - - - - - - - - + . . . 
C C C . . . . . . . . . . . . . 
0 3
. . . . . . . . . . . . . . . . 
. . . + - - - - - - - - + . . . 
. . . | . . . . . . . . | . . . 
. . . | . . + - - - - - + . . . 
. . . | . . | . . . . . . . . . 
. . . | . . | . . . . . . . . . 
. . . | . . | . . . . . . . . . 
. . . | . . | . . . . . . . . . 
. . . | . . | . . . . . . . . . 
C . . | . . + - - - - - + . . . 
C . . | . . . . . . . . | . . . 
C C . + - - - - - - - - + . . . 
C C C . . . . . . . . . . . . . 
1 2
. . . . . . . . . . . . . . . . 
. . . + - - - - - - - - + . . . 
. . . | . . . . . . . . | . . . 
. . . | . . + - - - - - + . . . 
. . . | . . | . . . . . . . . . 
. . . | . . | . . . . . . . . . 
. . . | . . | . . . . . . . . . 
. . . | . . | . . . . . . . . . 
. . . | . . | . . . . . . . . . 
C . . | . . + - - - - - + . . . 
C C . | . . . . . . . . | . . . 
C C . + - - - - - - - - + . . . 
C C C . . . . . . . . . . . . . 
2 1
. . . . . . . . . . . . . . . . 
. . . + - - - - - - - - + . . . 
. . . | . . . . . . . . | . . . 
. . . | . . + - - - - - + . . . 
. . . | . . | . . . . . . . . . 
. . . | . . | . . . . . . . . . 
. . . | . . | . . . . . . . . . 
. . . | . . | . . . . . . . . . 
. . . | . . | . . . . . . . . . 
C . . | . . + - - - - - + . . . 
C C . | . . . . . . . . | . . . 
C C C + - - - - - - - - + . . . 
C C C . . . . . . . . . . . . . 
3 0
. . . . . . . . . . . . . . . . 
. . . + - - - - - - - - + . . . 
. . . | . . . . . . . . | . . . 
. . . | . . + - - - - - + . . . 
. . . | . . | . . . . . . . . . 
. . . | . . | . . . . . . . . . 
. . . | . . | . . . . . . . . . 
. . . | . . | . . . . . . . . . 
. . . | . . | . . . . . . . . . 
C . . | . . + - - - - - + . . . 
C C . | . . . . . . . . | . . . 
C C C + - - - - - - - - + . . . 
C C C C . . . . . . . . . . . . 
0 4
. . . . . . . . . . . . . . . . 
. . . + - - - - - - - - + . . . 
. . . | . . . . . . . . | . . . 
. . . | . . + - - - - - + . . . 
. . . | . . | . . . . . . . . . 
. . . | . . | . . . . . . . . . 
. . . | . . | . . . . . . . . . 
. . . | . . | . . . . . . . . . 
C . . | . . | . . . . . . . . . 
C . . | . . + - - - - - + . . . 
C C . | . . . . . . . . | . . . 
C C C + - - - - - - - - + . . . 
C C C C . . . . . . . . . . . . 
1 3
. . . . . . . . . . . . . . . . 
. . . + - - - - - - - - + . . . 
. . . | . . . . . . . . | . . . 
. . . | . . + - - - - - + . . . 
. . . | . . | . . . . . . . . . 
. . . | . . | . . . . . . . . . 
. . . | . . | . . . . . . . . . 
. . . | . . | . . . . . . . . . 
C . . | . . | . . . . . . . . . 
C C . | . . + - - - - - + . . . 
C C . | . . . . . . . . | . . . 
C C C + - - - - - - - - + . . . 
C C C C . . . . . . . . . . . . 
2 2
. . . . . . . . . . . . . . . . 
. . . + - - - - - - - - + . . . 
. . . | . . . . . . . . | . . . 
. . . | . . + - - - - - + . . . 
. . . | . . | . . . . . . . . . 
. . . | . . | . . . . . . . . . 
. . . | . . | . . . . . . . . . 
. . . | . . | . . . . . . . . . 
C . . | . . | . . . . . . . . . 
C C . | . . + - - - - - + . . . 
C C C | . . . . . . . . | . . . 
C C C + - - - - - - - - + . . . 
C C C C . . . . . . . . . . . . 
4 0
. . . . . . . . . . . . . . . . 
. . . + - - - - - - - - + . . . 
. . . | . . . . . . . . | . . . 
. . . | . . + - - - - - + . . . 
. . . | . . | . . . . . . . . . 
. . . | . . | . . . . . . . . . 
. . . | . . | . . . . . . . . . 
. . . | . . | . . . . . . . . . 
C . . | . . | . . . . . . . . . 
C C . | . . + - - - - - + . . . 
C C C | . . . . . . . . | . . . 
C C C + - - - - - - - - + . . . 
C C C C C . . . . . . . . . . . 
0 5
. . . . . . . . . . . . . . . . 
. . . + - - - - - - - - + . . . 
. . . | . . . . . . . . | . . . 
. . . | . . + - - - - - + . . . 
. . . | . . | . . . . . . . . . 
. . . | . . | . . . . . . . . . 
. . . | . . | . . . . . . . . . 
C . . | . . | . . . . . . . . . 
C . . | . . | . . . . . . . . . 
C C . | . . + - - - - - + . . . 
C C C | . . . . . . . . | . . . 
C C C + - - - - - - - - + . . . 
C C C C C . . . . . . . . . . . 
1 4
. . . . . . . . . . . . . . . . 
. . . + - - - - - - - - + . . . 
. . . | . . . . . . . . | . . . 
. . . | . . + - - - - - + . . . 
. . . | . . | . . . . . . . . . 
. . . | . . | . . . . . . . . . 
. . . | . . | . . . . . . . . . 
C . . | . . | . . . . . . . . . 
C C . | . . | . . . . . . . . . 
C C . | . . + - - - - - + . . . 
C C C | . . . . . . . . | . . . 
C C C + - - - - - - - - + . . . 
C C C C C . . . . . . . . . . . 
2 3
. . . . . . . . . . . . . . . . 
. . . + - - - - - - - - + . . . 
. . . | . . . . . . . . | . . . 
. . . | . . + - - - - - + . . . 
. . . | . . | . . . . . . . . . 
. . . | . . | . . . . . . . . . 
. . . | . . | . . . . . . . . . 
C . . | . . | . . . . . . . . . 
C C . | . . | . . . . . . . . . 
C C C | . . + - - - - - + . . . 
C C C | . . . . . . . . | . . . 
C C C + - - - - - - - - + . . . 
C C C C C . . . . . . . . . . . 
5 0
. . . . . . . . . . . . . . . . 
. . . + - - - - - - - - + . . . 
. . . | . . . . . . . . | . . . 
. . . | . . + - - - - - + . . . 
. . . | . . | . . . . . . . . . 
. . . | . . | . . . . . . . . . 
. . . | . . | . . . . . . . . . 
C . . | . . | . . . . . . . . . 
C C . | . . | . . . . . . . . . 
C C C | . . + - - - - - + . . . 
C C C | . . . . . . . . | . . . 
C C C + - - - - - - - - + . . . 
C C C C C C . . . . . . . . . . 
0 6
. . . . . . . . . . . . . . . . 
. . . + - - - - - - - - + . . . 
. . . | . . . . . . . . | . . . 
. . . | . . + - - - - - + . . . 
. . . | . . | . . . . . . . . . 
. . . | . . | . . . . . . . . . 
C . . | . . | . . . . . . . . . 
C . . | . . | . . . . . . . . . 
C C . | . . | . . . . . . . . . 
C C C | . . + - - - - - + . . . 
C C C | . . . . . . . . | . . . 
C C C + - - - - - - - - + . . . 
C C C C C C . . . . . . . . . . 
1 5
. . . . . . . . . . . . . . . . 
. . . + - - - - - - - - + . . . 
. . . | . . . . . . . . | . . . 
. . . | . . + - - - - - + . . . 
. . . | . . | . . . . . . . . . 
. . . | . . | . . . . . . . . . 
C . . | . . | . . . . . . . . . 
C C . | . . | . . . . . . . . . 
C C . | . . | . . . . . . . . . 
C C C | . . + - - - - - + . . . 
C C C | . . . . . . . . | . . . 
C C C + - - - - - - - - + . . . 
C C C C C C . . . . . . . . . . 
2 4
. . . . . . . . . . . . . . . . 
. . . + - - - - - - - - + . . . 
. . . | . . . . . . . . | . . . 
. . . | . . + - - - - - + . . . 
. . . | . . | . . . . . . . . . 
. . . | . . | . . . . . . . . . 
C . . | . . | . . . . . . . . . 
C C . | . . | . . . . . . . . . 
C C C | . . | . . . . . . . . . 
C C C | . . + - - - - - + . . . 
C C C | . . . . . . . . | . . . 
C C C + - - - - - - - - + . . . 
C C C C C C . . . . . . . . . . 
6 0
. . . . . . . . . . . . . . . . 
. . . + - - - - - - - - + . . . 
. . . | . . . . . . . . | . . . 
. . . | . . + - - - - - + . . . 
. . . | . . | . . . . . . . . . 
. . . | . . | . . . . . . . . . 
C . . | . . | . . . . . . . . . 
C C . | . . | . . . . . . . . . 
C C C | . . | . . . . . . . . . 
C C C | . . + - - - - - + . . . 
C C C | . . . . . . . . | . . . 
C C C + - - - - - - - - + . . . 
C C C C C C C . . . . . . . . . 
0 7
. . . . . . . . . . . . . . . . 
. . . + - - - - - - - - + . . . 
. . . | . . . . . . . . | . . . 
. . . | . . + - - - - - + . . . 
. . . | . . | . . . . . . . . . 
C . . | . . | . . . . . . . . . 
C . . | . . | . . . . . . . . . 
C C . | . . | . . . . . . . . . 
C C C | . . | . . . . . . . . . 
C C C | . . + - - - - - + . . . 
C C C | . . . . . . . . | . . . 
C C C + - - - - - - - - + . . . 
C C C C C C C . . . . . . . . . 
1 6
. . . . . . . . . . . . . . . . 
. . . + - - - - - - - - + . . . 
. . . | . . . . . . . . | . . . 
. . . | . . + - - - - - + . . . 
. . . | . . | . . . . . . . . . 
C . . | . . | . . . . . . . . . 
C C . | . . | . . . . . . . . . 
C C . | . . | . . . . . . . . . 
C C C | . . | . . . . . . . . . 
C C C | . . + - - - - - + . . . 
C C C | . . . . . . . . | . . . 
C C C + - - - - - - - - + . . . 
C C C C C C C . . . . . . . . . 
2 5
. . . . . . . . . . . . . . . . 
. . . + - - - - - - - - + . . . 
. . . | . . . . . . . . | . . . 
. . . | . . + - - - - - + . . . 
. . . | . . | . . . . . . . . . 
C . . | . . | . . . . . . . . . 
C C . | . . | . . . . . . . . . 
C C C | . . | . . . . . . . . . 
C C C | . . | . . . . . . . . . 
C C C | . . + - - - - - + . . . 
C C C | . . . . . . . . | . . . 
C C C + - - - - - - - - + . . . 
C C C C C C C . . . . . . . . . 
7 0
. . . . . . . . . . . . . . . . 
. . . + - - - - - - - - + . . . 
. . . | . . . . . . . . | . . . 
. . . | . . + - - - - - + . . . 
. . . | . . | . . . . . . . . . 
C . . | . . | . . . . . . . . . 
C C . | . . | . . . . . . . . . 
C C C | . . | . . . . . . . . . 
C C C | . . | . . . . . . . . . 
C C C | . . + - - - - - + . . . 
C C C | . . . . . . . . | . . . 
C C C + - - - - - - - - + . . . 
C C C C C C C C . . . . . . . . 
0 8
. . . . . . . . . . . . . . . . 
. . . + - - - - - - - - + . . . 
. . . | . . . . . . . . | . . . 
. . . | . . + - - - - - + . . . 
C . . | . . | . . . . . . . . . 
C . . | . . | . . . . . . . . . 
C C . | . . | . . . . . . . . . 
C C C | . . | . . . . . . . . . 
C C C | . . | . . . . . . . . . 
C C C | . . + - - - - - + . . . 
C C C | . . . . . . . . | . . . 
C C C + - - - - - - - - + . . . 
C C C C C C C C . . . . . . . . 
1 7
. . . . . . . . . . . . . . . . 
. . . + - - - - - - - - + . . . 
. . . | . . . . . . . . | . . . 
. . . | . . + - - - - - + . . . 
C . . | . . | . . . . . . . . . 
C C . | . . | . . . . . . . . . 
C C . | . . | . . . . . . . . . 
C C C | . . | . . . . . . . . . 
C C C | . . | . . . . . . . . . 
C C C | . . + - - - - - + . . . 
C C C | . . . . . . . . | . . . 
C C C + - - - - - - - - + . . . 
C C C C C C C C . . . . . . . . 
2 6
. . . . . . . . . . . . . . . . 
. . . + - - - - - - - - + . . . 
. . . | . . . . . . . . | . . . 
. . . | . . + - - - - - + . . . 
C . . | . . | . . . . . . . . . 
C C . | . . | . . . . . . . . . 
C C C | . . | . . . . . . . . . 
C C C | . . | . . . . . . . . . 
C C C | . . | . . . . . . . . . 
C C C | . . + - - - - - + . . . 
C C C | . . . . . . . . | . . . 
C C C + - - - - - - - - + . . . 
C C C C C C C C . . . . . . . . 
8 0
. . . . . . . . . . . . . . . . 
. . . + - - - - - - - - + . . . 
. . . | . . . . . . . . | . . . 
. . . | . . + - - - - - + . . . 
C . . | . . | . . . . . . . . . 
C C . | . . | . . . . . . . . . 
C C C | . . | . . . . . . . . . 
C C C | . . | . . . . . . . . . 
C C C | . . | . . . . . . . . . 
C C C | . . + - - - - - + . . . 
C C C | . . . . . . . . | . . . 
C C C + - - - - - - - - + . . . 
C C C C C C C C C . . . . . . . 
0 9
. . . . . . . . . . . . . . . . 
. . . + - - - - - - - - + . . . 
. . . | . . . . . . . . | . . . 
C . . | . . + - - - - - + . . . 
C . . | . . | . . . . . . . . . 
C C . | . . | . . . . . . . . . 
C C C | . . | . . . . . . . . . 
C C C | . . | . . . . . . . . . 
C C C | . . | . . . . . . . . . 
C C C | . . + - - - - - + . . . 
C C C | . . . . . . . . | . . . 
C C C + - - - - - - - - + . . . 
C C C C C C C C C . . . . . . . 
1 8
. . . . . . . . . . . . . . . . 
. . . + - - - - - - - - + . . . 
. . . | . . . . . . . . | . . . 
C . . | . . + - - - - - + . . . 
C C . | . . | . . . . . . . . . 
C C . | . . | . . . . . . . . . 
C C C | . . | . . . . . . . . . 
C C C | . . | . . . . . . . . . 
C C C | . . | . . . . . . . . . 
C C C | . . + - - - - - + . . . 
C C C | . . . . . . . . | . . . 
C C C + - - - - - - - - + . . . 
C C C C C C C C C . . . . . . . 
2 7
. . . . . . . . . . . . . . . . 
. . . + - - - - - - - - + . . . 
. . . | . . . . . . . . | . . . 
C . . | . . + - - - - - + . . . 
C C . | . . | . . . . . . . . . 
C C C | . . | . . . . . . . . . 
C C C | . . | . . . . . . . . . 
C C C | . . | . . . . . . . . . 
C C C | . . | . . . . . . . . . 
C C C | . . + - - - - - + . . . 
C C C | . . . . . . . . | . . . 
C C C + - - - - - - - - + . . . 
C C C C C C C C C . . . . . . . 
9 0
. . . . . . . . . . . . . . . . 
. . . + - - - - - - - - + . . . 
. . . | . . . . . . . . | . . . 
C . . | . . + - - - - - + . . . 
C C . | . . | . . . . . . . . . 
C C C | . . | . . . . . . . . . 
C C C | . . | . . . . . . . . . 
C C C | . . | . . . . . . . . . 
C C C | . . | . . . . . . . . . 
C C C | . . + - - - - - + . . . 
C C C | . . . . . . . . | . . . 
C C C + - - - - - - - - + . . . 
C C C C C C C C C C . . . . . . 
0 10
. . . . . . . . . . . . . . . . 
. . . + - - - - - - - - + . . . 
C . . | . . . . . . . . | . . . 
C . . | . . + - - - - - + . . . 
C C . | . . | . . . . . . . . . 
C C C | . . | . . . . . . . . . 
C C C | . . | . . . . . . . . . 
C C C | . . | . . . . . . . . . 
C C C | . . | . . . . . . . . . 
C C C | . . + - - - - - + . . . 
C C C | . . . . . . . . | . . . 
C C C + - - - - - - - - + . . . 
C C C C C C C C C C . . . . . . 
1 9
. . . . . . . . . . . . . . . . 
. . . + - - - - - - - - + . . . 
C . . | . . . . . . . . | . . . 
C C . | . . + - - - - - + . . . 
C C . | . . | . . . . . . . . . 
C C C | . . | . . . . . . . . . 
C C C | . . | . . . . . . . . . 
C C C | . . | . . . . . . . . . 
C C C | . . | . . . . . . . . . 
C C C | . . + - - - - - + . . . 
C C C | . . . . . . . . | . . . 
C C C + - - - - - - - - + . . . 
C C C C C C C C C C . . . . . . 
2 8
. . . . . . . . . . . . . . . . 
. . . + - - - - - - - - + . . . 
C . . | . . . . . . . . | . . . 
C C . | . . + - - - - - + . . . 
C C C | . . | . . . . . . . . . 
C C C | . . | . . . . . . . . . 
C C C | . . | . . . . . . . . . 
C C C | . . | . . . . . . . . . 
C C C | . . | . . . . . . . . . 
C C C | . . + - - - - - + . . . 
C C C | . . . . . . . . | . . . 
C C C + - - - - - - - - + . . . 
C C C C C C C C C C . . . . . . 
10 0
. . . . . . . . . . . . . . . . 
. . . + - - - - - - - - + . . . 
C . . | . . . . . . . . | . . . 
C C . | . . + - - - - - + . . . 
C C C | . . | . . . . . . . . . 
C C C | . . | . . . . . . . . . 
C C C | . . | . . . . . . . . . 
C C C | . . | . . . . . . . . . 
C C C | . . | . . . . . . . . . 
C C C | . . + - - - - - + . . . 
C C C | . . . . . . . . | . . . 
C C C + - - - - - - - - + . . . 
C C C C C C C C C C C . . . . . 
0 11
. . . . . . . . . . . . . . . . 
C . . + - - - - - - - - + . . . 
C . . | . . . . . . . . | . . . 
C C . | . . + - - - - - + . . . 
C C C | . . | . . . . . . . . . 
C C C | . . | . . . . . . . . . 
C C C | . . | . . . . . . . . . 
C C C | . . | . . . . . . . . . 
C C C | . . | . . . . . . . . . 
C C C | . . + - - - - - + . . . 
C C C | . . . . . . . . | . . . 
C C C + - - - - - - - - + . . . 
C C C C C C C C C C C . . . . . 
1 10
. . . . . . . . . . . . . . . . 
C . . + - - - - - - - - + . . . 
C C . | . . . . . . . . | . . . 
C C . | . . + - - - - - + . . . 
C C C | . . | . . . . . . . . . 
C C C | . . | . . . . . . . . . 
C C C | . . | . . . . . . . . . 
C C C | . . | . . . . . . . . . 
C C C | . . | . . . . . . . . . 
C C C | . . + - - - - - + . . . 
C C C | . . . . . . . . | . . . 
C C C + - - - - - - - - + . . . 
C C C C C C C C C C C . . . . . 
2 9
. . . . . . . . . . . . . . . . 
C . . + - - - - - - - - + . . . 
C C . | . . . . . . . . | . . . 
C C C | . . + - - - - - + . . . 
C C C | . . | . . . . . . . . . 
C C C | . . | . . . . . . . . . 
C C C | . . | . . . . . . . . . 
C C C | . . | . . . . . . . . . 
C C C | . . | . . . . . . . . . 
C C C | . . + - - - - - + . . . 
C C C | . . . . . . . . | . . . 
C C C + - - - - - - - - + . . . 
C C C C C C C C C C C . . . . . 
11 0
. . . . . . . . . . . . . . . . 
C . . + - - - - - - - - + . . . 
C C . | . . . . . . . . | . . . 
C C C | . . + - - - - - + . . . 
C C C | . . | . . . . . . . . . 
C C C | . . | . . . . . . . . . 
C C C | . . | . . . . . . . . . 
C C C | . . | . . . . . . . . . 
C C C | . . | . . . . . . . . . 
C C C | . . + - - - - - + . . . 
C C C | . . . . . . . . | . . . 
C C C + - - - - - - - - + . . . 
C C C C C C C C C C C C . . . . 
0 12
C . . . . . . . . . . . . . . . 
C . . + - - - - - - - - + . . . 
C C . | . . . . . . . . | . . . 
C C C | . . + - - - - - + . . . 
C C C | . . | . . . . . . . . . 
C C C | . . | . . . . . . . . . 
C C C | . . | . . . . . . . . . 
C C C | . . | . . . . . . . . . 
C C C | . . | . . . . . . . . . 
C C C | . . + - - - - - + . . . 
C C C | . . . . . . . . | . . . 
C C C + - - - - - - - - + . . . 
C C C C C C C C C C C C . . . . 
1 11
C . . . . . . . . . . . . . . . 
C C . + - - - - - - - - + . . . 
C C . | . . . . . . . . | . . . 
C C C | . . + - - - - - + . . . 
C C C | . . | . . . . . . . . . 
C C C | . . | . . . . . . . . . 
C C C | . . | . . . . . . . . . 
C C C | . . | . . . . . . . . . 
C C C | . . | . . . . . . . . . 
C C C | . . + - - - - - + . . . 
C C C | . . . . . . . . | . . . 
C C C + - - - - - - - - + . . . 
C C C C C C C C C C C C . . . . 
2 10
C . . . . . . . . . . . . . . . 
C C . + - - - - - - - - + . . . 
C C C | . . . . . . . . | . . . 
C C C | . . + - - - - - + . . . 
C C C | . . | . . . . . . . . . 
C C C | . . | . . . . . . . . . 
C C C | . . | . . . . . . . . . 
C C C | . . | . . . . . . . . . 
C C C | . . | . . . . . . . . . 
C C C | . . + - - - - - + . . . 
C C C | . . . . . . . . | . . . 
C C C + - - - - - - - - + . . . 
C C C C C C C C C C C C . . . . 
12 0
C . . . . . . . . . . . . . . . 
C C . + - - - - - - - - + . . . 
C C C | . . . . . . . . | . . . 
C C C | . . + - - - - - + . . . 
C C C | . . | . . . . . . . . . 
C C C | . . | . . . . . . . . . 
C C C | . . | . . . . . . . . . 
C C C | . . | . . . . . . . . . 
C C C | . . | . . . . . . . . . 
C C C | . . + - - - - - + . . . 
C C C | . . . . . . . . | . . . 
C C C + - - - - - - - - + . . . 
C C C C C C C C C C C C C . . . 
1 12
C C . . . . . . . . . . . . . . 
C C . + - - - - - - - - + . . . 
C C C | . . . . . . . . | . . . 
C C C | . . + - - - - - + . . . 
C C C | . . | . . . . . . . . . 
C C C | . . | . . . . . . . . . 
C C C | . . | . . . . . . . . . 
C C C | . . | . . . . . . . . . 
C C C | . . | . . . . . . . . . 
C C C | . . + - - - - - + . . . 
C C C | . . . . . . . . | . . . 
C C C + - - - - - - - - + . . . 
C C C C C C C C C C C C C . . . 
2 11
C C . . . . . . . . . . . . . . 
C C C + - - - - - - - - + . . . 
C C C | . . . . . . . . | . . . 
C C C | . . + - - - - - + . . . 
C C C | . . | . . . . . . . . . 
C C C | . . | . . . . . . . . . 
C C C | . . | . . . . . . . . . 
C C C | . . | . . . . . . . . . 
C C C | . . | . . . . . . . . . 
C C C | . . + - - - - - + . . . 
C C C | . . . . . . . . | . . . 
C C C + - - - - - - - - + . . . 
C C C C C C C C C C C C C . . . 
13 0
C C . . . . . . . . . . . . . . 
C C C + - - - - - - - - + . . . 
C C C | . . . . . . . . | . . . 
C C C | . . + - - - - - + . . . 
C C C | . . | . . . . . . . . . 
C C C | . . | . . . . . . . . . 
C C C | . . | . . . . . . . . . 
C C C | . . | . . . . . . . . . 
C C C | . . | . . . . . . . . . 
C C C | . . + - - - - - + . . . 
C C C | . . . . . . . . | . . . 
C C C + - - - - - - - - + . . . 
C C C C C C C C C C C C C C . . 
2 12
C C C . . . . . . . . . . . . . 
C C C + - - - - - - - - + . . . 
C C C | . . . . . . . . | . . . 
C C C | . . + - - - - - + . . . 
C C C | . . | . . . . . . . . . 
C C C | . . | . . . . . . . . . 
C C C | . . | . . . . . . . . . 
C C C | . . | . . . . . . . . . 
C C C | . . | . . . . . . . . . 
C C C | . . + - - - - - + . . . 
C C C | . . . . . . . . | . . . 
C C C + - - - - - - - - + . . . 
C C C C C C C C C C C C C C . . 
13 1
C C C . . . . . . . . . . . . . 
C C C + - - - - - - - - + . . . 
C C C | . . . . . . . . | . . . 
C C C | . . + - - - - - + . . . 
C C C | . . | . . . . . . . . . 
C C C | . . | . . . . . . . . . 
C C C | . . | . . . . . . . . . 
C C C | . . | . . . . . . . . . 
C C C | . . | . . . . . . . . . 
C C C | . . + - - - - - + . . . 
C C C | . . . . . . . . | . . . 
C C C + - - - - - - - - + C . . 
C C C C C C C C C C C C C C . . 
14 0
C C C . . . . . . . . . . . . . 
C C C + - - - - - - - - + . . . 
C C C | . . . . . . . . | . . . 
C C C | . . + - - - - - + . . . 
C C C | . . | . . . . . . . . . 
C C C | . . | . . . . . . . . . 
C C C | . . | . . . . . . . . . 
C C C | . . | . . . . . . . . . 
C C C | . . | . . . . . . . . . 
C C C | . . + - - - - - + . . . 
C C C | . . . . . . . . | . . . 
C C C + - - - - - - - - + C . . 
C C C C C C C C C C C C C C C . 
3 12
C C C C . . . . . . . . . . . . 
C C C + - - - - - - - - + . . . 
C C C | . . . . . . . . | . . . 
C C C | . . + - - - - - + . . . 
C C C | . . | . . . . . . . . . 
C C C | . . | . . . . . . . . . 
C C C | . . | . . . . . . . . . 
C C C | . . | . . . . . . . . . 
C C C | . . | . . . . . . . . . 
C C C | . . + - - - - - + . . . 
C C C | . . . . . . . . | . . . 
C C C + - - - - - - - - + C . . 
C C C C C C C C C C C C C C C . 
13 2
C C C C . . . . . . . . . . . . 
C C C + - - - - - - - - + . . . 
C C C | . . . . . . . . | . . . 
C C C | . . + - - - - - + . . . 
C C C | . . | . . . . . . . . . 
C C C | . . | . . . . . . . . . 
C C C | . . | . . . . . . . . . 
C C C | . . | . . . . . . . . . 
C C C | . . | . . . . . . . . . 
C C C | . . + - - - - - + . . . 
C C C | . . . . . . . . | C . . 
C C C + - - - - - - - - + C . . 
C C C C C C C C C C C C C C C . 
14 1
C C C C . . . . . . . . . . . . 
C C C + - - - - - - - - + . . . 
C C C | . . . . . . . . | . . . 
C C C | . . + - - - - - + . . . 
C C C | . . | . . . . . . . . . 
C C C | . . | . . . . . . . . . 
C C C | . . | . . . . . . . . . 
C C C | . . | . . . . . . . . . 
C C C | . . | . . . . . . . . . 
C C C | . . + - - - - - + . . . 
C C C | . . . . . . . . | C . . 
C C C + - - - - - - - - + C C . 
C C C C C C C C C C C C C C C . 
15 0
C C C C . . . . . . . . . . . . 
C C C + - - - - - - - - + . . . 
C C C | . . . . . . . . | . . . 
C C C | . . + - - - - - + . . . 
C C C | . . | . . . . . . . . . 
C C C | . . | . . . . . . . . . 
C C C | . . | . . . . . . . . . 
C C C | . . | . . . . . . . . . 
C C C | . . | . . . . . . . . . 
C C C | . . + - - - - - + . . . 
C C C | . . . . . . . . | C . . 
C C C + - - - - - - - - + C C . 
C C C C C C C C C C C C C C C C 
4 12
C C C C C . . . . . . . . . . . 
C C C + - - - - - - - - + . . . 
C C C | . . . . . . . . | . . . 
C C C | . . + - - - - - + . . . 
C C C | . . | . . . . . . . . . 
C C C | . . | . . . . . . . . . 
C C C | . . | . . . . . . . . . 
C C C | . . | . . . . . . . . . 
C C C | . . | . . . . . . . . . 
C C C | . . + - - - - - + . . . 
C C C | . . . . . . . . | C . . 
C C C + - - - - - - - - + C C . 
C C C C C C C C C C C C C C C C 
13 3
C C C C C . . . . . . . . . . . 
C C C + - - - - - - - - + . . . 
C C C | . . . . . . . . | . . . 
C C C | . . + - - - - - + . . . 
C C C | . . | . . . . . . . . . 
C C C | . . | . . . . . . . . . 
C C C | . . | . . . . . . . . . 
C C C | . . | . . . . . . . . . 
C C C | . . | . . . . . . . . . 
C C C | . . + - - - - - + C . . 
C C C | . . . . . . . . | C . . 
C C C + - - - - - - - - + C C . 
C C C C C C C C C C C C C C C C 
14 2
C C C C C . . . . . . . . . . . 
C C C + - - - - - - - - + . . . 
C C C | . . . . . . . . | . . . 
C C C | . . + - - - - - + . . . 
C C C | . . | . . . . . . . . . 
C C C | . . | . . . . . . . . . 
C C C | . . | . . . . . . . . . 
C C C | . . | . . . . . . . . . 
C C C | . . | . . . . . . . . . 
C C C | . . + - - - - - + C . . 
C C C | . . . . . . . . | C C . 
C C C + - - - - - - - - + C C . 
C C C C C C C C C C C C C C C C 
15 1
C C C C C . . . . . . . . . . . 
C C C + - - - - - - - - + . . . 
C C C | . . . . . . . . | . . . 
C C C | . . + - - - - - + . . . 
C C C | . . | . . . . . . . . . 
C C C | . . | . . . . . . . . . 
C C C | . . | . . . . . . . . . 
C C C | . . | . . . . . . . . . 
C C C | . . | . . . . . . . . . 
C C C | . . + - - - - - + C . . 
C C C | . . . . . . . . | C C . 
C C C + - - - - - - - - + C C C 
C C C C C C C C C C C C C C C C 
5 12
C C C C C C . . . . . . . . . . 
C C C + - - - - - - - - + . . . 
C C C | . . . . . . . . | . . . 
C C C | . . + - - - - - + . . . 
C C C | . . | . . . . . . . . . 
C C C | . . | . . . . . . . . . 
C C C | . . | . . . . . . . . . 
C C C | . . | . . . . . . . . . 
C C C | . . | . . . . . . . . . 
C C C | . . + - - - - - + C . . 
C C C | . . . . . . . . | C C . 
C C C + - - - - - - - - + C C C 
C C C C C C C C C C C C C C C C 
13 4
C C C C C C . . . . . . . . . . 
C C C + - - - - - - - - + . . . 
C C C | . . . . . . . . | . . . 
C C C | . . + - - - - - + . . . 
C C C | . . | . . . . . . . . . 
C C C | . . | . . . . . . . . . 
C C C | . . | . . . . . . . . . 
C C C | . . | . . . . . . . . . 
C C C | . . | . . . . . . C . . 
C C C | . . + - - - - - + C . . 
C C C | . . . . . . . . | C C . 
C C C + - - - - - - - - + C C C 
C C C C C C C C C C C C C C C C 
14 3
C C C C C C . . . . . . . . . . 
C C C + - - - - - - - - + . . . 
C C C | . . . . . . . . | . . . 
C C C | . . + - - - - - + . . . 
C C C | . . | . . . . . . . . . 
C C C | . . | . . . . . . . . . 
C C C | . . | . . . . . . . . . 
C C C | . . | . . . . . . . . . 
C C C | . . | . . . . . . C . . 
C C C | . . + - - - - - + C C . 
C C C | . . . . . . . . | C C . 
C C C + - - - - - - - - + C C C 
C C C C C C C C C C C C C C C C 
15 2
C C C C C C . . . . . . . . . . 
C C C + - - - - - - - - + . . . 
C C C | . . . . . . . . | . . . 
C C C | . . + - - - - - + . . . 
C C C | . . | . . . . . . . . . 
C C C | . . | . . . . . . . . . 
C C C | . . | . . . . . . . . . 
C C C | . . | . . . . . . . . . 
C C C | . . | . . . . . . C . . 
C C C | . . + - - - - - + C C . 
C C C | . . . . . . . . | C C C 
C C C + - - - - - - - - + C C C 
C C C C C C C C C C C C C C C C 
6 12
C C C C C C C . . . . . . . . . 
C C C + - - - - - - - - + . . . 
C C C | . . . . . . . . | . . . 
C C C | . . + - - - - - + . . . 
C C C | . . | . . . . . . . . . 
C C C | . . | . . . . . . . . . 
C C C | . . | . . . . . . . . . 
C C C | . . | . . . . . . . . . 
C C C | . . | . . . . . . C . . 
C C C | . . + - - - - - + C C . 
C C C | . . . . . . . . | C C C 
C C C + - - - - - - - - + C C C 
C C C C C C C C C C C C C C C C 
13 5
C C C C C C C . . . . . . . . . 
C C C + - - - - - - - - + . . . 
C C C | . . . . . . . . | . . . 
C C C | . . + - - - - - + . . . 
C C C | . . | . . . . . . . . . 
C C C | . . | . . . . . . . . . 
C C C | . . | . . . . . . . . . 
C C C | . . | . . . . . . C . . 
C C C | . . | . . . . . . C . . 
C C C | . . + - - - - - + C C . 
C C C | . . . . . . . . | C C C 
C C C + - - - - - - - - + C C C 
C C C C C C C C C C C C C C C C 
14 4
C C C C C C C . . . . . . . . . 
C C C + - - - - - - - - + . . . 
C C C | . . . . . . . . | . . . 
C C C | . . + - - - - - + . . . 
C C C | . . | . . . . . . . . . 
C C C | . . | . . . . . . . . . 
C C C | . . | . . . . . . . . . 
C C C | . . | . . . . . . C . . 
C C C | . . | . . . . . . C C . 
C C C | . . + - - - - - + C C . 
C C C | . . . . . . . . | C C C 
C C C + - - - - - - - - + C C C 
C C C C C C C C C C C C C C C C 
12 4
C C C C C C C . . . . . . . . . 
C C C + - - - - - - - - + . . . 
C C C | . . . . . . . . | . . . 
C C C | . . + - - - - - + . . . 
C C C | . . | . . . . . . . . . 
C C C | . . | . . . . . . . . . 
C C C | . . | . . . . . . . . . 
C C C | . . | . . . . . . C . . 
C C C | . . | . . . . . C C C . 
C C C | . . + - - - - - + C C . 
C C C | . . . . . . . . | C C C 
C C C + - - - - - - - - + C C C 
C C C C C C C C C C C C C C C C 
15 3
C C C C C C C . . . . . . . . . 
C C C + - - - - - - - - + . . . 
C C C | . . . . . . . . | . . . 
C C C | . . + - - - - - + . . . 
C C C | . . | . . . . . . . . . 
C C C | . . | . . . . . . . . . 
C C C | . . | . . . . . . . . . 
C C C | . . | . . . . . . C . . 
C C C | . . | . . . . . C C C . 
C C C | . . + - - - - - + C C C 
C C C | . . . . . . . . | C C C 
C C C + - - - - - - - - + C C C 
C C C C C C C C C C C C C C C C 
7 12
C C C C C C C C . . . . . . . . 
C C C + - - - - - - - - + . . . 
C C C | . . . . . . . . | . . . 
C C C | . . + - - - - - + . . . 
C C C | . . | . . . . . . . . . 
C C C | . . | . . . . . . . . . 
C C C | . . | . . . . . . . . . 
C C C | . . | . . . . . . C . . 
C C C | . . | . . . . . C C C . 
C C C | . . + - - - - - + C C C 
C C C | . . . . . . . . | C C C 
C C C + - - - - - - - - + C C C 
C C C C C C C C C C C C C C C C 
13 6
C C C C C C C C . . . . . . . . 
C C C + - - - - - - - - + . . . 
C C C | . . . . . . . . | . . . 
C C C | . . + - - - - - + . . . 
C C C | . . | . . . . . . . . . 
C C C | . . | . . . . . . . . . 
C C C | . . | . . . . . . C . . 
C C C | . . | . . . . . . C . . 
C C C | . . | . . . . . C C C . 
C C C | . . + - - - - - + C C C 
C C C | . . . . . . . . | C C C 
C C C + - - - - - - - - + C C C 
C C C C C C C C C C C C C C C C 
14 5
C C C C C C C C . . . . . . . . 
C C C + - - - - - - - - + . . . 
C C C | . . . . . . . . | . . . 
C C C | . . + - - - - - + . . . 
C C C | . . | . . . . . . . . . 
C C C | . . | . . . . . . . . . 
C C C | . . | . . . . . . C . . 
C C C | . . | . . . . . . C C . 
C C C | . . | . . . . . C C C . 
C C C | . . + - - - - - + C C C 
C C C | . . . . . . . . | C C C 
C C C + - - - - - - - - + C C C 
C C C C C C C C C C C C C C C C 
12 5
C C C C C C C C . . . . . . . . 
C C C + - - - - - - - - + . . . 
C C C | . . . . . . . . | . . . 
C C C | . . + - - - - - + . . . 
C C C | . . | . . . . . . . . . 
C C C | . . | . . . . . . . . . 
C C C | . . | . . . . . . C . . 
C C C | . . | . . . . . C C C . 
C C C | . . | . . . . . C C C . 
C C C | . . + - - - - - + C C C 
C C C | . . . . . . . . | C C C 
C C C + - - - - - - - - + C C C 
C C C C C C C C C C C C C C C C 
15 4
C C C C C C C C . . . . . . . . 
C C C + - - - - - - - - + . . . 
C C C | . . . . . . . . | . . . 
C C C | . . + - - - - - + . . . 
C C C | . . | . . . . . . . . . 
C C C | . . | . . . . . . . . . 
C C C | . . | . . . . . . C . . 
C C C | . . | . . . . . C C C . 
C C C | . . | . . . . . C C C C 
C C C | . . + - - - - - + C C C 
C C C | . . . . . . . . | C C C 
C C C + - - - - - - - - + C C C 
C C C C C C C C C C C C C C C C 
11 4
C C C C C C C C . . . . . . . . 
C C C + - - - - - - - - + . . . 
C C C | . . . . . . . . | . . . 
C C C | . . + - - - - - + . . . 
C C C | . . | . . . . . . . . . 
C C C | . . | . . . . . . . . . 
C C C | . . | . . . . . . C . . 
C C C | . . | . . . . . C C C . 
C C C | . . | . . . . C C C C C 
C C C | . . + - - - - - + C C C 
C C C | . . . . . . . . | C C C 
C C C + - - - - - - - - + C C C 
C C C C C C C C C C C C C C C C 
8 12
C C C C C C C C C . . . . . . . 
C C C + - - - - - - - - + . . . 
C C C | . . . . . . . . | . . . 
C C C | . . + - - - - - + . . . 
C C C | . . | . . . . . . . . . 
C C C | . . | . . . . . . . . . 
C C C | . . | . . . . . . C . . 
C C C | . . | . . . . . C C C . 
C C C | . . | . . . . C C C C C 
C C C | . . + - - - - - + C C C 
C C C | . . . . . . . . | C C C 
C C C + - - - - - - - - + C C C 
C C C C C C C C C C C C C C C C 
13 7
C C C C C C C C C . . . . . . . 
C C C + - - - - - - - - + . . . 
C C C | . . . . . . . . | . . . 
C C C | . . + - - - - - + . . . 
C C C | . . | . . . . . . . . . 
C C C | . . | . . . . . . C . . 
C C C | . . | . . . . . . C . . 
C C C | . . | . . . . . C C C . 
C C C | . . | . . . . C C C C C 
C C C | . . + - - - - - + C C C 
C C C | . . . . . . . . | C C C 
C C C + - - - - - - - - + C C C 
C C C C C C C C C C C C C C C C 
14 6
C C C C C C C C C . . . . . . . 
C C C + - - - - - - - - + . . . 
C C C | . . . . . . . . | . . . 
C C C | . . + - - - - - + . . . 
C C C | . . | . . . . . . . . . 
C C C | . . | . . . . . . C . . 
C C C | . . | . . . . . . C C . 
C C C | . . | . . . . . C C C . 
C C C | . . | . . . . C C C C C 
C C C | . . + - - - - - + C C C 
C C C | . . . . . . . . | C C C 
C C C + - - - - - - - - + C C C 
C C C C C C C C C C C C C C C C 
12 6
C C C C C C C C C . . . . . . . 
C C C + - - - - - - - - + . . . 
C C C | . . . . . . . . | . . . 
C C C | . . + - - - - - + . . . 
C C C | . . | . . . . . . . . . 
C C C | . . | . . . . . . C . . 
C C C | . . | . . . . . C C C . 
C C C | . . | . . . . . C C C . 
C C C | . . | . . . . C C C C C 
C C C | . . + - - - - - + C C C 
C C C | . . . . . . . . | C C C 
C C C + - - - - - - - - + C C C 
C C C C C C C C C C C C C C C C 
15 5
C C C C C C C C C . . . . . . . 
C C C + - - - - - - - - + . . . 
C C C | . . . . . . . . | . . . 
C C C | . . + - - - - - + . . . 
C C C | . . | . . . . . . . . . 
C C C | . . | . . . . . . C . . 
C C C | . . | . . . . . C C C . 
C C C | . . | . . . . . C C C C 
C C C | . . | . . . . C C C C C 
C C C | . . + - - - - - + C C C 
C C C | . . . . . . . . | C C C 
C C C + - - - - - - - - + C C C 
C C C C C C C C C C C C C C C C 
11 5
C C C C C C C C C . . . . . . . 
C C C + - - - - - - - - + . . . 
C C C | . . . . . . . . | . . . 
C C C | . . + - - - - - + . . . 
C C C | . . | . . . . . . . . . 
C C C | . . | . . . . . . C . . 
C C C | . . | . . . . . C C C . 
C C C | . . | . . . . C C C C C 
C C C | . . | . . . . C C C C C 
C C C | . . + - - - - - + C C C 
C C C | . . . . . . . . | C C C 
C C C + - - - - - - - - + C C C 
C C C C C C C C C C C C C C C C 
10 4
C C C C C C C C C . . . . . . . 
C C C + - - - - - - - - + . . . 
C C C | . . . . . . . . | . . . 
C C C | . . + - - - - - + . . . 
C C C | . . | . . . . . . . . . 
C C C | . . | . . . . . . C . . 
C C C | . . | . . . . . C C C . 
C C C | . . | . . . . C C C C C 
C C C | . . | . . . C C C C C C 
C C C | . . + - - - - - + C C C 
C C C | . . . . . . . . | C C C 
C C C + - - - - - - - - + C C C 
C C C C C C C C C C C C C C C C 
9 12
C C C C C C C C C C . . . . . . 
C C C + - - - - - - - - + . . . 
C C C | . . . . . . . . | . . . 
C C C | . . + - - - - - + . . . 
C C C | . . | . . . . . . . . . 
C C C | . . | . . . . . . C . . 
C C C | . . | . . . . . C C C . 
C C C | . . | . . . . C C C C C 
C C C | . . | . . . C C C C C C 
C C C | . . + - - - - - + C C C 
C C C | . . . . . . . . | C C C 
C C C + - - - - - - - - + C C C 
C C C C C C C C C C C C C C C C 
13 8
C C C C C C C C C C . . . . . . 
C C C + - - - - - - - - + . . . 
C C C | . . . . . . . . | . . . 
C C C | . . + - - - - - + . . . 
C C C | . . | . . . . . . C . . 
C C C | . . | . . . . . . C . . 
C C C | . . | . . . . . C C C . 
C C C | . . | . . . . C C C C C 
C C C | . . | . . . C C C C C C 
C C C | . . + - - - - - + C C C 
C C C | . . . . . . . . | C C C 
C C C + - - - - - - - - + C C C 
C C C C C C C C C C C C C C C C 
14 7
C C C C C C C C C C . . . . . . 
C C C + - - - - - - - - + . . . 
C C C | . . . . . . . . | . . . 
C C C | . . + - - - - - + . . . 
C C C | . . | . . . . . . C . . 
C C C | . . | . . . . . . C C . 
C C C | . . | . . . . . C C C . 
C C C | . . | . . . . C C C C C 
C C C | . . | . . . C C C C C C 
C C C | . . + - - - - - + C C C 
C C C | . . . . . . . . | C C C 
C C C + - - - - - - - - + C C C 
C C C C C C C C C C C C C C C C 
12 7
C C C C C C C C C C . . . . . . 
C C C + - - - - - - - - + . . . 
C C C | . . . . . . . . | . . . 
C C C | . . + - - - - - + . . . 
C C C | . . | . . . . . . C . . 
C C C | . . | . . . . . C C C . 
C C C | . . | . . . . . C C C . 
C C C | . . | . . . . C C C C C 
C C C | . . | . . . C C C C C C 
C C C | . . + - - - - - + C C C 
C C C | . . . . . . . . | C C C 
C C C + - - - - - - - - + C C C 
C C C C C C C C C C C C C C C C 
15 6
C C C C C C C C C C . . . . . . 
C C C + - - - - - - - - + . . . 
C C C | . . . . . . . . | . . . 
C C C | . . + - - - - - + . . . 
C C C | . . | . . . . . . C . . 
C C C | . . | . . . . . C C C . 
C C C | . . | . . . . . C C C C 
C C C | . . | . . . . C C C C C 
C C C | . . | . . . C C C C C C 
C C C | . . + - - - - - + C C C 
C C C | . . . . . . . . | C C C 
C C C + - - - - - - - - + C C C 
C C C C C C C C C C C C C C C C 
11 6
C C C C C C C C C C . . . . . . 
C C C + - - - - - - - - + . . . 
C C C | . . . . . . . . | . . . 
C C C | . . + - - - - - + . . . 
C C C | . . | . . . . . . C . . 
C C C | . . | . . . . . C C C . 
C C C | . . | . . . . C C C C C 
C C C | . . | . . . . C C C C C 
C C C | . . | . . . C C C C C C 
C C C | . . + - - - - - + C C C 
C C C | . . . . . . . . | C C C 
C C C + - - - - - - - - + C C C 
C C C C C C C C C C C C C C C C 
10 5
C C C C C C C C C C . . . . . . 
C C C + - - - - - - - - + . . . 
C C C | . . . . . . . . | . . . 
C C C | . . + - - - - - + . . . 
C C C | . . | . . . . . . C . . 
C C C | . . | . . . . . C C C . 
C C C | . . | . . . . C C C C C 
C C C | . . | . . . C C C C C C 
C C C | . . | . . . C C C C C C 
C C C | . . + - - - - - + C C C 
C C C | . . . . . . . . | C C C 
C C C + - - - - - - - - + C C C 
C C C C C C C C C C C C C C C C 
9 4
C C C C C C C C C C . . . . . . 
C C C + - - - - - - - - + . . . 
C C C | . . . . . . . . | . . . 
C C C | . . + - - - - - + . . . 
C C C | . . | . . . . . . C . . 
C C C | . . | . . . . . C C C . 
C C C | . . | . . . . C C C C C 
C C C | . . | . . . C C C C C C 
C C C | . . | . . C C C C C C C 
C C C | . . + - - - - - + C C C 
C C C | . . . . . . . . | C C C 
C C C + - - - - - - - - + C C C 
C C C C C C C C C C C C C C C C 
10 12
C C C C C C C C C C C . . . . . 
C C C + - - - - - - - - + . . . 
C C C | . . . . . . . . | . . . 
C C C | . . + - - - - - + . . . 
C C C | . . | . . . . . . C . . 
C C C | . . | . . . . . C C C . 
C C C | . . | . . . . C C C C C 
C C C | . . | . . . C C C C C C 
C C C | . . | . . C C C C C C C 
C C C | . . + - - - - - + C C C 
C C C | . . . . . . . . | C C C 
C C C + - - - - - - - - + C C C 
C C C C C C C C C C C C C C C C 
13 9
C C C C C C C C C C C . . . . . 
C C C + - - - - - - - - + . . . 
C C C | . . . . . . . . | . . . 
C C C | . . + - - - - - + C . . 
C C C | . . | . . . . . . C . . 
C C C | . . | . . . . . C C C . 
C C C | . . | . . . . C C C C C 
C C C | . . | . . . C C C C C C 
C C C | . . | . . C C C C C C C 
C C C | . . + - - - - - + C C C 
C C C | . . . . . . . . | C C C 
C C C + - - - - - - - - + C C C 
C C C C C C C C C C C C C C C C 
14 8
C C C C C C C C C C C . . . . . 
C C C + - - - - - - - - + . . . 
C C C | . . . . . . . . | . . . 
C C C | . . + - - - - - + C . . 
C C C | . . | . . . . . . C C . 
C C C | . . | . . . . . C C C . 
C C C | . . | . . . . C C C C C 
C C C | . . | . . . C C C C C C 
C C C | . . | . . C C C C C C C 
C C C | . . + - - - - - + C C C 
C C C | . . . . . . . . | C C C 
C C C + - - - - - - - - + C C C 
C C C C C C C C C C C C C C C C 
12 8
C C C C C C C C C C C . . . . . 
C C C + - - - - - - - - + . . . 
C C C | . . . . . . . . | . . . 
C C C | . . + - - - - - + C . . 
C C C | . . | . . . . . C C C . 
C C C | . . | . . . . . C C C . 
C C C | . . | . . . . C C C C C 
C C C | . . | . . . C C C C C C 
C C C | . . | . . C C C C C C C 
C C C | . . + - - - - - + C C C 
C C C | . . . . . . . . | C C C 
C C C + - - - - - - - - + C C C 
C C C C C C C C C C C C C C C C 
15 7
C C C C C C C C C C C . . . . . 
C C C + - - - - - - - - + . . . 
C C C | . . . . . . . . | . . . 
C C C | . . + - - - - - + C . . 
C C C | . . | . . . . . C C C . 
C C C | . . | . . . . . C C C C 
C C C | . . | . . . . C C C C C 
C C C | . . | . . . C C C C C C 
C C C | . . | . . C C C C C C C 
C C C | . . + - - - - - + C C C 
C C C | . . . . . . . . | C C C 
C C C + - - - - - - - - + C C C 
C C C C C C C C C C C C C C C C 
11 7
C C C C C C C C C C C . . . . . 
C C C + - - - - - - - - + . . . 
C C C | . . . . . . . . | . . . 
C C C | . . + - - - - - + C . . 
C C C | . . | . . . . . C C C . 
C C C | . . | . . . . C C C C C 
C C C | . . | . . . . C C C C C 
C C C | . . | . . . C C C C C C 
C C C | . . | . . C C C C C C C 
C C C | . . + - - - - - + C C C 
C C C | . . . . . . . . | C C C 
C C C + - - - - - - - - + C C C 
C C C C C C C C C C C C C C C C 
10 6
C C C C C C C C C C C . . . . . 
C C C + - - - - - - - - + . . . 
C C C | . . . . . . . . | . . . 
C C C | . . + - - - - - + C . . 
C C C | . . | . . . . . C C C . 
C C C | . . | . . . . C C C C C 
C C C | . . | . . . C C C C C C 
C C C | . . | . . . C C C C C C 
C C C | . . | . . C C C C C C C 
C C C | . . + - - - - - + C C C 
C C C | . . . . . . . . | C C C 
C C C + - - - - - - - - + C C C 
C C C C C C C C C C C C C C C C 
9 5
C C C C C C C C C C C . . . . . 
C C C + - - - - - - - - + . . . 
C C C | . . . . . . . . | . . . 
C C C | . . + - - - - - + C . . 
C C C | . . | . . . . . C C C . 
C C C | . . | . . . . C C C C C 
C C C | . . | . . . C C C C C C 
C C C | . . | . . C C C C C C C 
C C C | . . | . . C C C C C C C 
C C C | . . + - - - - - + C C C 
C C C | . . . . . . . . | C C C 
C C C + - - - - - - - - + C C C 
C C C C C C C C C C C C C C C C 
8 4
C C C C C C C C C C C . . . . . 
C C C + - - - - - - - - + . . . 
C C C | . . . . . . . . | . . . 
C C C | . . + - - - - - + C . . 
C C C | . . | . . . . . C C C . 
C C C | . . | . . . . C C C C C 
C C C | . . | . . . C C C C C C 
C C C | . . | . . C C C C C C C 
C C C | . . | . C C C C C C C C 
C C C | . . + - - - - - + C C C 
C C C | . . . . . . . . | C C C 
C C C + - - - - - - - - + C C C 
C C C C C C C C C C C C C C C C 
11 12
C C C C C C C C C C C C . . . . 
C C C + - - - - - - - - + . . . 
C C C | . . . . . . . . | . . . 
C C C | . . + - - - - - + C . . 
C C C | . . | . . . . . C C C . 
C C C | . . | . . . . C C C C C 
C C C | . . | . . . C C C C C C 
C C C | . . | . . C C C C C C C 
C C C | . . | . C C C C C C C C 
C C C | . . + - - - - - + C C C 
C C C | . . . . . . . . | C C C 
C C C + - - - - - - - - + C C C 
C C C C C C C C C C C C C C C C 
13 10
C C C C C C C C C C C C . . . . 
C C C + - - - - - - - - + . . . 
C C C | . . . . . . . . | C . . 
C C C | . . + - - - - - + C . . 
C C C | . . | . . . . . C C C . 
C C C | . . | . . . . C C C C C 
C C C | . . | . . . C C C C C C 
C C C | . . | . . C C C C C C C 
C C C | . . | . C C C C C C C C 
C C C | . . + - - - - - + C C C 
C C C | . . . . . . . . | C C C 
C C C + - - - - - - - - + C C C 
C C C C C C C C C C C C C C C C 
14 9
C C C C C C C C C C C C . . . . 
C C C + - - - - - - - - + . . . 
C C C | . . . . . . . . | C . . 
C C C | . . + - - - - - + C C . 
C C C | . . | . . . . . C C C . 
C C C | . . | . . . . C C C C C 
C C C | . . | . . . C C C C C C 
C C C | . . | . . C C C C C C C 
C C C | . . | . C C C C C C C C 
C C C | . . + - - - - - + C C C 
C C C | . . . . . . . . | C C C 
C C C + - - - - - - - - + C C C 
C C C C C C C C C C C C C C C C 
15 8
C C C C C C C C C C C C . . . . 
C C C + - - - - - - - - + . . . 
C C C | . . . . . . . . | C . . 
C C C | . . + - - - - - + C C . 
C C C | . . | . . . . . C C C C 
C C C | . . | . . . . C C C C C 
C C C | . . | . . . C C C C C C 
C C C | . . | . . C C C C C C C 
C C C | . . | . C C C C C C C C 
C C C | . . + - - - - - + C C C 
C C C | . . . . . . . . | C C C 
C C C + - - - - - - - - + C C C 
C C C C C C C C C C C C C C C C 
11 8
C C C C C C C C C C C C . . . . 
C C C + - - - - - - - - + . . . 
C C C | . . . . . . . . | C . . 
C C C | . . + - - - - - + C C . 
C C C | . . | . . . . C C C C C 
C C C | . . | . . . . C C C C C 
C C C | . . | . . . C C C C C C 
C C C | . . | . . C C C C C C C 
C C C | . . | . C C C C C C C C 
C C C | . . + - - - - - + C C C 
C C C | . . . . . . . . | C C C 
C C C + - - - - - - - - + C C C 
C C C C C C C C C C C C C C C C 
10 7
C C C C C C C C C C C C . . . . 
C C C + - - - - - - - - + . . . 
C C C | . . . . . . . . | C . . 
C C C | . . + - - - - - + C C . 
C C C | . . | . . . . C C C C C 
C C C | . . | . . . C C C C C C 
C C C | . . | . . . C C C C C C 
C C C | . . | . . C C C C C C C 
C C C | . . | . C C C C C C C C 
C C C | . . + - - - - - + C C C 
C C C | . . . . . . . . | C C C 
C C C + - - - - - - - - + C C C 
C C C C C C C C C C C C C C C C 
9 6
C C C C C C C C C C C C . . . . 
C C C + - - - - - - - - + . . . 
C C C | . . . . . . . . | C . . 
C C C | . . + - - - - - + C C . 
C C C | . . | . . . . C C C C C 
C C C | . . | . . . C C C C C C 
C C C | . . | . . C C C C C C C 
C C C | . . | . . C C C C C C C 
C C C | . . | . C C C C C C C C 
C C C | . . + - - - - - + C C C 
C C C | . . . . . . . . | C C C 
C C C + - - - - - - - - + C C C 
C C C C C C C C C C C C C C C C 
8 5
C C C C C C C C C C C C . . . . 
C C C + - - - - - - - - + . . . 
C C C | . . . . . . . . | C . . 
C C C | . . + - - - - - + C C . 
C C C | . . | . . . . C C C C C 
C C C | . . | . . . C C C C C C 
C C C | . . | . . C C C C C C C 
C C C | . . | . C C C C C C C C 
C C C | . . | . C C C C C C C C 
C C C | . . + - - - - - + C C C 
C C C | . . . . . . . . | C C C 
C C C + - - - - - - - - + C C C 
C C C C C C C C C C C C C C C C 
7 4
C C C C C C C C C C C C . . . . 
C C C + - - - - - - - - + . . . 
C C C | . . . . . . . . | C . . 
C C C | . . + - - - - - + C C . 
C C C | . . | . . . . C C C C C 
C C C | . . | . . . C C C C C C 
C C C | . . | . . C C C C C C C 
C C C | . . | . C C C C C C C C 
C C C | . . | C C C C C C C C C 
C C C | . . + - - - - - + C C C 
C C C | . . . . . . . . | C C C 
C C C + - - - - - - - - + C C C 
C C C C C C C C C C C C C C C C 
12 12
C C C C C C C C C C C C C . . . 
C C C + - - - - - - - - + . . . 
C C C | . . . . . . . . | C . . 
C C C | . . + - - - - - + C C . 
C C C | . . | . . . . C C C C C 
C C C | . . | . . . C C C C C C 
C C C | . . | . . C C C C C C C 
C C C | . . | . C C C C C C C C 
C C C | . . | C C C C C C C C C 
C C C | . . + - - - - - + C C C 
C C C | . . . . . . . . | C C C 
C C C + - - - - - - - - + C C C 
C C C C C C C C C C C C C C C C 
13 11
C C C C C C C C C C C C C . . . 
C C C + - - - - - - - - + C . . 
C C C | . . . . . . . . | C . . 
C C C | . . + - - - - - + C C . 
C C C | . . | . . . . C C C C C 
C C C | . . | . . . C C C C C C 
C C C | . . | . . C C C C C C C 
C C C | . . | . C C C C C C C C 
C C C | . . | C C C C C C C C C 
C C C | . . + - - - - - + C C C 
C C C | . . . . . . . . | C C C 
C C C + - - - - - - - - + C C C 
C C C C C C C C C C C C C C C C 
14 10
C C C C C C C C C C C C C . . . 
C C C + - - - - - - - - + C . . 
C C C | . . . . . . . . | C C . 
C C C | . . + - - - - - + C C . 
C C C | . . | . . . . C C C C C 
C C C | . . | . . . C C C C C C 
C C C | . . | . . C C C C C C C 
C C C | . . | . C C C C C C C C 
C C C | . . | C C C C C C C C C 
C C C | . . + - - - - - + C C C 
C C C | . . . . . . . . | C C C 
C C C + - - - - - - - - + C C C 
C C C C C C C C C C C C C C C C 
15 9
C C C C C C C C C C C C C . . . 
C C C + - - - - - - - - + C . . 
C C C | . . . . . . . . | C C . 
C C C | . . + - - - - - + C C C 
C C C | . . | . . . . C C C C C 
C C C | . . | . . . C C C C C C 
C C C | . . | . . C C C C C C C 
C C C | . . | . C C C C C C C C 
C C C | . . | C C C C C C C C C 
C C C | . . + - - - - - + C C C 
C C C | . . . . . . . . | C C C 
C C C + - - - - - - - - + C C C 
C C C C C C C C C C C C C C C C 
10 8
C C C C C C C C C C C C C . . . 
C C C + - - - - - - - - + C . . 
C C C | . . . . . . . . | C C . 
C C C | . . + - - - - - + C C C 
C C C | . . | . . . C C C C C C 
C C C | . . | . . . C C C C C C 
C C C | . . | . . C C C C C C C 
C C C | . . | . C C C C C C C C 
C C C | . . | C C C C C C C C C 
C C C | . . + - - - - - + C C C 
C C C | . . . . . . . . | C C C 
C C C + - - - - - - - - + C C C 
C C C C C C C C C C C C C C C C 
9 7
C C C C C C C C C C C C C . . . 
C C C + - - - - - - - - + C . . 
C C C | . . . . . . . . | C C . 
C C C | . . + - - - - - + C C C 
C C C | . . | . . . C C C C C C 
C C C | . . | . . C C C C C C C 
C C C | . . | . . C C C C C C C 
C C C | . . | . C C C C C C C C 
C C C | . . | C C C C C C C C C 
C C C | . . + - - - - - + C C C 
C C C | . . . . . . . . | C C C 
C C C + - - - - - - - - + C C C 
C C C C C C C C C C C C C C C C 
8 6
C C C C C C C C C C C C C . . . 
C C C + - - - - - - - - + C . . 
C C C | . . . . . . . . | C C . 
C C C | . . + - - - - - + C C C 
C C C | . . | . . . C C C C C C 
C C C | . . | . . C C C C C C C 
C C C | . . | . C C C C C C C C 
C C C | . . | . C C C C C C C C 
C C C | . . | C C C C C C C C C 
C C C | . . + - - - - - + C C C 
C C C | . . . . . . . . | C C C 
C C C + - - - - - - - - + C C C 
C C C C C C C C C C C C C C C C 
7 5
C C C C C C C C C C C C C . . . 
C C C + - - - - - - - - + C . . 
C C C | . . . . . . . . | C C . 
C C C | . . + - - - - - + C C C 
C C C | . . | . . . C C C C C C 
C C C | . . | . . C C C C C C C 
C C C | . . | . C C C C C C C C 
C C C | . . | C C C C C C C C C 
C C C | . . | C C C C C C C C C 
C C C | . . + - - - - - + C C C 
C C C | . . . . . . . . | C C C 
C C C + - - - - - - - - + C C C 
C C C C C C C C C C C C C C C C 
13 12
C C C C C C C C C C C C C C . . 
C C C + - - - - - - - - + C . . 
C C C | . . . . . . . . | C C . 
C C C | . . + - - - - - + C C C 
C C C | . . | . . . C C C C C C 
C C C | . . | . . C C C C C C C 
C C C | . . | . C C C C C C C C 
C C C | . . | C C C C C C C C C 
C C C | . . | C C C C C C C C C 
C C C | . . + - - - - - + C C C 
C C C | . . . . . . . . | C C C 
C C C + - - - - - - - - + C C C 
C C C C C C C C C C C C C C C C 
14 11
C C C C C C C C C C C C C C . . 
C C C + - - - - - - - - + C C . 
C C C | . . . . . . . . | C C . 
C C C | . . + - - - - - + C C C 
C C C | . . | . . . C C C C C C 
C C C | . . | . . C C C C C C C 
C C C | . . | . C C C C C C C C 
C C C | . . | C C C C C C C C C 
C C C | . . | C C C C C C C C C 
C C C | . . + - - - - - + C C C 
C C C | . . . . . . . . | C C C 
C C C + - - - - - - - - + C C C 
C C C C C C C C C C C C C C C C 
15 10
C C C C C C C C C C C C C C . . 
C C C + - - - - - - - - + C C . 
C C C | . . . . . . . . | C C C 
C C C | . . + - - - - - + C C C 
C C C | . . | . . . C C C C C C 
C C C | . . | . . C C C C C C C 
C C C | . . | . C C C C C C C C 
C C C | . . | C C C C C C C C C 
C C C | . . | C C C C C C C C C 
C C C | . . + - - - - - + C C C 
C C C | . . . . . . . . | C C C 
C C C + - - - - - - - - + C C C 
C C C C C C C C C C C C C C C C 
9 8
C C C C C C C C C C C C C C . . 
C C C + - - - - - - - - + C C . 
C C C | . . . . . . . . | C C C 
C C C | . . + - - - - - + C C C 
C C C | . . | . . C C C C C C C 
C C C | . . | . . C C C C C C C 
C C C | . . | . C C C C C C C C 
C C C | . . | C C C C C C C C C 
C C C | . . | C C C C C C C C C 
C C C | . . + - - - - - + C C C 
C C C | . . . . . . . . | C C C 
C C C + - - - - - - - - + C C C 
C C C C C C C C C C C C C C C C 
8 7
C C C C C C C C C C C C C C . . 
C C C + - - - - - - - - + C C . 
C C C | . . . . . . . . | C C C 
C C C | . . + - - - - - + C C C 
C C C | . . | . . C C C C C C C 
C C C | . . | . C C C C C C C C 
C C C | . . | . C C C C C C C C 
C C C | . . | C C C C C C C C C 
C C C | . . | C C C C C C C C C 
C C C | . . + - - - - - + C C C 
C C C | . . . . . . . . | C C C 
C C C + - - - - - - - - + C C C 
C C C C C C C C C C C C C C C C 
7 6
C C C C C C C C C C C C C C . . 
C C C + - - - - - - - - + C C . 
C C C | . . . . . . . . | C C C 
C C C | . . + - - - - - + C C C 
C C C | . . | . . C C C C C C C 
C C C | . . | . C C C C C C C C 
C C C | . . | C C C C C C C C C 
C C C | . . | C C C C C C C C C 
C C C | . . | C C C C C C C C C 
C C C | . . + - - - - - + C C C 
C C C | . . . . . . . . | C C C 
C C C + - - - - - - - - + C C C 
C C C C C C C C C C C C C C C C 
14 12
C C C C C C C C C C C C C C C . 
C C C + - - - - - - - - + C C . 
C C C | . . . . . . . . | C C C 
C C C | . . + - - - - - + C C C 
C C C | . . | . . C C C C C C C 
C C C | . . | . C C C C C C C C 
C C C | . . | C C C C C C C C C 
C C C | . . | C C C C C C C C C 
C C C | . . | C C C C C C C C C 
C C C | . . + - - - - - + C C C 
C C C | . . . . . . . . | C C C 
C C C + - - - - - - - - + C C C 
C C C C C C C C C C C C C C C C 
15 11
C C C C C C C C C C C C C C C . 
C C C + - - - - - - - - + C C C 
C C C | . . . . . . . . | C C C 
C C C | . . + - - - - - + C C C 
C C C | . . | . . C C C C C C C 
C C C | . . | . C C C C C C C C 
C C C | . . | C C C C C C C C C 
C C C | . . | C C C C C C C C C 
C C C | . . | C C C C C C C C C 
C C C | . . + - - - - - + C C C 
C C C | . . . . . . . . | C C C 
C C C + - - - - - - - - + C C C 
C C C C C C C C C C C C C C C C 
8 8
C C C C C C C C C C C C C C C . 
C C C + - - - - - - - - + C C C 
C C C | . . . . . . . . | C C C 
C C C | . . + - - - - - + C C C 
C C C | . . | . C C C C C C C C 
C C C | . . | . C C C C C C C C 
C C C | . . | C C C C C C C C C 
C C C | . . | C C C C C C C C C 
C C C | . . | C C C C C C C C C 
C C C | . . + - - - - - + C C C 
C C C | . . . . . . . . | C C C 
C C C + - - - - - - - - + C C C 
C C C C C C C C C C C C C C C C 
7 7
C C C C C C C C C C C C C C C . 
C C C + - - - - - - - - + C C C 
C C C | . . . . . . . . | C C C 
C C C | . . + - - - - - + C C C 
C C C | . . | . C C C C C C C C 
C C C | . . | C C C C C C C C C 
C C C | . . | C C C C C C C C C 
C C C | . . | C C C C C C C C C 
C C C | . . | C C C C C C C C C 
C C C | . . + - - - - - + C C C 
C C C | . . . . . . . . | C C C 
C C C + - - - - - - - - + C C C 
C C C C C C C C C C C C C C C C 
15 12
C C C C C C C C C C C C C C C C 
C C C + - - - - - - - - + C C C 
C C C | . . . . . . . . | C C C 
C C C | . . + - - - - - + C C C 
C C C | . . | . C C C C C C C C 
C C C | . . | C C C C C C C C C 
C C C | . . | C C C C C C C C C 
C C C | . . | C C C C C C C C C 
C C C | . . | C C C C C C C C C 
C C C | . . + - - - - - + C C C 
C C C | . . . . . . . . | C C C 
C C C + - - - - - - - - + C C C 
C C C C C C C C C C C C C C C C 
7 8
C C C C C C C C C C C C C C C C 
C C C + - - - - - - - - + C C C 
C C C | . . . . . . . . | C C C 
C C C | . . + - - - - - + C C C 
C C C | . . | C C C C C C C C C 
C C C | . . | C C C C C C C C C 
C C C | . . | C C C C C C C C C 
C C C | . . | C C C C C C C C C 
C C C | . . | C C C C C C C C C 
C C C | . . + - - - - - + C C C 
C C C | . . . . . . . . | C C C 
C C C + - - - - - - - - + C C C 
C C C C C C C C C C C C C C C C 
C C C C C C C C C C C C C C C C 
C C C + - - - - - - - - + C C C 
C C C | . . . . . . . . | C C C 
C C C | . . + - - - - - + C C C 
C C C | . . | C C C C C C C C C 
C C C | . . | C C C C C C C C C 
C C C | . . | C C C C C C C C C 
C C C | . . | C C C C C C C C C 
C C C | . . | C C C C C C C C C 
C C C | . . + - - - - - + C C C 
C C C | . . . . . . . . | C C C 
C C C + - - - - - - - - + C C C 
C C C C C C C C C C C C C C C C 
